Reading netlist file: "D:\Gowin\project\GY\impl\gwsynthesis\GY.vg"
Parsing netlist file "D:\Gowin\project\GY\impl\gwsynthesis\GY.vg" completed
Processing netlist completed
Running placement......
[10%] Placement Phase 0 completed
[20%] Placement Phase 1 completed
[30%] Placement Phase 2 completed
WARN  (TA1132) :  'clk' was determined to be a clock but was not created.
[50%] Placement Phase 3 completed
Running routing......
[60%] Routing Phase 0 completed
[70%] Routing Phase 1 completed
[80%] Routing Phase 2 completed
[90%] Routing Phase 3 completed
Running timing analysis......
[95%] Timing analysis completed
Placement and routing completed
Bitstream generation in progress......
Bitstream generation completed
Running power analysis......
[100%] Power analysis completed
Generate file "D:\Gowin\project\GY\impl\pnr\GY.power.html" completed
Generate file "D:\Gowin\project\GY\impl\pnr\GY.pin.html" completed
Generate file "D:\Gowin\project\GY\impl\pnr\GY.rpt.html" completed
Generate file "D:\Gowin\project\GY\impl\pnr\GY.rpt.txt" completed
Generate file "D:\Gowin\project\GY\impl\pnr\GY.tr.html" completed
Mon Oct 27 15:41:15 2025

